1
2
1
1
1
1
1
1
1
1
1
1
3
1
1
5
1
3
1
134
1
1
8
1
2
1
1
34
1
2
2
1
1
1
2
1
1
1
1
6
1
1
1
2
1
1
7
1
4
1
1
4
3
1
1
1
1
1
1
1
1
2
2
1
1
1
1
1
1
2
1
3
1
2
1
52
2
7
1
5
2
1
1
1
1
1
1
2
1
1
2
2
1
1
7
1
1
1
2
1
2
1
5
1
1
1
1
16
3
2
1
1
1
1
2
1
1
2
1
1
1
1
4
2
1
11
2
1
1
1
1
1
1
2
3
1
1
1
1
12
6
1
1
2
1
1
1
10
1
1
1788
4
1
1
27
1
1
1
1
2
1
1
1
13
1
34
2
7
3
1
