1
1
1
1
7
1
4
11
1
1
2
1
2
9
2
2
1
2
6
1
3
4
1
1
3
1
2
2
1
1
2
1
1
1
1
3
1
1
23
2
1
1
1
1
1
6
1
1
3
3
9
5
1
1
1
1
4
4
1
1
1
1
1
1
2
1
1
1
1
1
1
7
1
1
2
1
2
1
1
1
7
1
1
1
2
1
1
1
1
44
1
2
1
1
1
1
2
1
2
2
1
5
1
1
4
1
2
1
1
1
3
1
2
2
102
1
1
1
1
6
5
2
3
1
2
1
1
1
2
1
1
1
1
7
3
1
1
1
1
1
1
1
1
1
3
3
107
43
7
57
9
4
1
1
1
1
1
1
1
1
1
1
4
1
1
1
1
5
8
1
1
1
5
2
1
3
2
1
1
1
