1
1
2
2
2
1
1
1
1
2
1
10
1
1
17
1
1
1
1
1
11
2
2
15
1
1
1
2
3
1
1
1
1
1
15
4
1
4
2
1
8
1
2
1
1
1
2
1
4
2
2
1
2
100
1
2
1
1
1
34
1
1
1
1
1
1
1
1
1
1
1
1
1
4
4
1
4
85
1
1
2
1
1
1
1
1
1
1
44
1
1
28
169
1
2
4
1
1
1
4
60
1
2
1
10
1
1
3
1
2
1
1
10
1
1
1
2
2
7
1
1
1
16
1
1
1
1
396
17
2
1
1
1
1
2
1
1
1
6
1
1
1
2
79
13
1
1
1
1
2
1
1
2
1
2
1
1
3
7
1
1
2
1
1
1
3
2
2
1
1
1
1
119
2
1
1
1
2
1
1
1
1
4
1
2
2
1
2
2
1
1
4
1
1
2
2
1
1
18
1
8
1
