1
1
1
1
34
2
2
1
1
2
4
1
1
1
1
1
2
2
2
1
1
1
2
1
2
3
1
4
2
1
3
1
7
1
9
1
72
2
1
1
3
2
1
2
1
1
1
1
1
225
4
1
3
1
2
1
1
1
1
1
1
15
1
2
1
1
1
1
1
2
1
1
1
1
1
3
4
2
1
1
1
2
1
1
2
4
2
1
1
2
5
1
14
3
1
1
2
2
1
1
1
1
4
1
1
2
1
1
3
1
1
1
2
1
1
9
3
1
1
1
1
1
1
3
2
1
3
3
2
1
3
1
1
1
1
1
1
1
1
1
1
1
2
2
1
1
1
3
21
1
7
1
3
2
1
1
1
1
1
1
1
2
8
1
1
2
1
2
1
2
3
1
57
1
3
1
3
29
1
1
1
2
141
5
3
1
1
1
1
1
1
1
2
1
1
1
3
2
2
2
1
1
1
3
24
1
1
2
1
1
1
1
