3783 3721 3659 3597 3535 3473 3411 3349 3287 3225 3163 3101 3039 2977 2915 2853 2791 2729 2667 2605 2543 2481 2419 2357 2295 2233 2171 2109 2047 1985 1923 1861 1799 1737 1675 1613 1551 1489 1427 1365 1303 1241 1179 1117 1055 993 931 869 807 745 683 621 559 497 435 373 311 249 187 125 63 1 
3784 3722 3660 3598 3536 3474 3412 3350 3288 3226 3164 3102 3040 2978 2916 2854 2792 2730 2668 2606 2544 2482 2420 2358 2296 2234 2172 2110 2048 1986 1924 1862 1800 1738 1676 1614 1552 1490 1428 1366 1304 1242 1180 1118 1056 994 932 870 808 746 684 622 560 498 436 374 312 250 188 126 64 2 
3785 3723 3661 3599 3537 3475 3413 3351 3289 3227 3165 3103 3041 2979 2917 2855 2793 2731 2669 2607 2545 2483 2421 2359 2297 2235 2173 2111 2049 1987 1925 1863 1801 1739 1677 1615 1553 1491 1429 1367 1305 1243 1181 1119 1057 995 933 871 809 747 685 623 561 499 437 375 313 251 189 127 65 3 
3786 3724 3662 3600 3538 3476 3414 3352 3290 3228 3166 3104 3042 2980 2918 2856 2794 2732 2670 2608 2546 2484 2422 2360 2298 2236 2174 2112 2050 1988 1926 1864 1802 1740 1678 1616 1554 1492 1430 1368 1306 1244 1182 1120 1058 996 934 872 810 748 686 624 562 500 438 376 314 252 190 128 66 4 
3787 3725 3663 3601 3539 3477 3415 3353 3291 3229 3167 3105 3043 2981 2919 2857 2795 2733 2671 2609 2547 2485 2423 2361 2299 2237 2175 2113 2051 1989 1927 1865 1803 1741 1679 1617 1555 1493 1431 1369 1307 1245 1183 1121 1059 997 935 873 811 749 687 625 563 501 439 377 315 253 191 129 67 5 
3788 3726 3664 3602 3540 3478 3416 3354 3292 3230 3168 3106 3044 2982 2920 2858 2796 2734 2672 2610 2548 2486 2424 2362 2300 2238 2176 2114 2052 1990 1928 1866 1804 1742 1680 1618 1556 1494 1432 1370 1308 1246 1184 1122 1060 998 936 874 812 750 688 626 564 502 440 378 316 254 192 130 68 6 
3789 3727 3665 3603 3541 3479 3417 3355 3293 3231 3169 3107 3045 2983 2921 2859 2797 2735 2673 2611 2549 2487 2425 2363 2301 2239 2177 2115 2053 1991 1929 1867 1805 1743 1681 1619 1557 1495 1433 1371 1309 1247 1185 1123 1061 999 937 875 813 751 689 627 565 503 441 379 317 255 193 131 69 7 
3790 3728 3666 3604 3542 3480 3418 3356 3294 3232 3170 3108 3046 2984 2922 2860 2798 2736 2674 2612 2550 2488 2426 2364 2302 2240 2178 2116 2054 1992 1930 1868 1806 1744 1682 1620 1558 1496 1434 1372 1310 1248 1186 1124 1062 1000 938 876 814 752 690 628 566 504 442 380 318 256 194 132 70 8 
3791 3729 3667 3605 3543 3481 3419 3357 3295 3233 3171 3109 3047 2985 2923 2861 2799 2737 2675 2613 2551 2489 2427 2365 2303 2241 2179 2117 2055 1993 1931 1869 1807 1745 1683 1621 1559 1497 1435 1373 1311 1249 1187 1125 1063 1001 939 877 815 753 691 629 567 505 443 381 319 257 195 133 71 9 
3792 3730 3668 3606 3544 3482 3420 3358 3296 3234 3172 3110 3048 2986 2924 2862 2800 2738 2676 2614 2552 2490 2428 2366 2304 2242 2180 2118 2056 1994 1932 1870 1808 1746 1684 1622 1560 1498 1436 1374 1312 1250 1188 1126 1064 1002 940 878 816 754 692 630 568 506 444 382 320 258 196 134 72 10 
3793 3731 3669 3607 3545 3483 3421 3359 3297 3235 3173 3111 3049 2987 2925 2863 2801 2739 2677 2615 2553 2491 2429 2367 2305 2243 2181 2119 2057 1995 1933 1871 1809 1747 1685 1623 1561 1499 1437 1375 1313 1251 1189 1127 1065 1003 941 879 817 755 693 631 569 507 445 383 321 259 197 135 73 11 
3794 3732 3670 3608 3546 3484 3422 3360 3298 3236 3174 3112 3050 2988 2926 2864 2802 2740 2678 2616 2554 2492 2430 2368 2306 2244 2182 2120 2058 1996 1934 1872 1810 1748 1686 1624 1562 1500 1438 1376 1314 1252 1190 1128 1066 1004 942 880 818 756 694 632 570 508 446 384 322 260 198 136 74 12 
3795 3733 3671 3609 3547 3485 3423 3361 3299 3237 3175 3113 3051 2989 2927 2865 2803 2741 2679 2617 2555 2493 2431 2369 2307 2245 2183 2121 2059 1997 1935 1873 1811 1749 1687 1625 1563 1501 1439 1377 1315 1253 1191 1129 1067 1005 943 881 819 757 695 633 571 509 447 385 323 261 199 137 75 13 
3796 3734 3672 3610 3548 3486 3424 3362 3300 3238 3176 3114 3052 2990 2928 2866 2804 2742 2680 2618 2556 2494 2432 2370 2308 2246 2184 2122 2060 1998 1936 1874 1812 1750 1688 1626 1564 1502 1440 1378 1316 1254 1192 1130 1068 1006 944 882 820 758 696 634 572 510 448 386 324 262 200 138 76 14 
3797 3735 3673 3611 3549 3487 3425 3363 3301 3239 3177 3115 3053 2991 2929 2867 2805 2743 2681 2619 2557 2495 2433 2371 2309 2247 2185 2123 2061 1999 1937 1875 1813 1751 1689 1627 1565 1503 1441 1379 1317 1255 1193 1131 1069 1007 945 883 821 759 697 635 573 511 449 387 325 263 201 139 77 15 
3798 3736 3674 3612 3550 3488 3426 3364 3302 3240 3178 3116 3054 2992 2930 2868 2806 2744 2682 2620 2558 2496 2434 2372 2310 2248 2186 2124 2062 2000 1938 1876 1814 1752 1690 1628 1566 1504 1442 1380 1318 1256 1194 1132 1070 1008 946 884 822 760 698 636 574 512 450 388 326 264 202 140 78 16 
3799 3737 3675 3613 3551 3489 3427 3365 3303 3241 3179 3117 3055 2993 2931 2869 2807 2745 2683 2621 2559 2497 2435 2373 2311 2249 2187 2125 2063 2001 1939 1877 1815 1753 1691 1629 1567 1505 1443 1381 1319 1257 1195 1133 1071 1009 947 885 823 761 699 637 575 513 451 389 327 265 203 141 79 17 
3800 3738 3676 3614 3552 3490 3428 3366 3304 3242 3180 3118 3056 2994 2932 2870 2808 2746 2684 2622 2560 2498 2436 2374 2312 2250 2188 2126 2064 2002 1940 1878 1816 1754 1692 1630 1568 1506 1444 1382 1320 1258 1196 1134 1072 1010 948 886 824 762 700 638 576 514 452 390 328 266 204 142 80 18 
3801 3739 3677 3615 3553 3491 3429 3367 3305 3243 3181 3119 3057 2995 2933 2871 2809 2747 2685 2623 2561 2499 2437 2375 2313 2251 2189 2127 2065 2003 1941 1879 1817 1755 1693 1631 1569 1507 1445 1383 1321 1259 1197 1135 1073 1011 949 887 825 763 701 639 577 515 453 391 329 267 205 143 81 19 
3802 3740 3678 3616 3554 3492 3430 3368 3306 3244 3182 3120 3058 2996 2934 2872 2810 2748 2686 2624 2562 2500 2438 2376 2314 2252 2190 2128 2066 2004 1942 1880 1818 1756 1694 1632 1570 1508 1446 1384 1322 1260 1198 1136 1074 1012 950 888 826 764 702 640 578 516 454 392 330 268 206 144 82 20 
3803 3741 3679 3617 3555 3493 3431 3369 3307 3245 3183 3121 3059 2997 2935 2873 2811 2749 2687 2625 2563 2501 2439 2377 2315 2253 2191 2129 2067 2005 1943 1881 1819 1757 1695 1633 1571 1509 1447 1385 1323 1261 1199 1137 1075 1013 951 889 827 765 703 641 579 517 455 393 331 269 207 145 83 21 
3804 3742 3680 3618 3556 3494 3432 3370 3308 3246 3184 3122 3060 2998 2936 2874 2812 2750 2688 2626 2564 2502 2440 2378 2316 2254 2192 2130 2068 2006 1944 1882 1820 1758 1696 1634 1572 1510 1448 1386 1324 1262 1200 1138 1076 1014 952 890 828 766 704 642 580 518 456 394 332 270 208 146 84 22 
3805 3743 3681 3619 3557 3495 3433 3371 3309 3247 3185 3123 3061 2999 2937 2875 2813 2751 2689 2627 2565 2503 2441 2379 2317 2255 2193 2131 2069 2007 1945 1883 1821 1759 1697 1635 1573 1511 1449 1387 1325 1263 1201 1139 1077 1015 953 891 829 767 705 643 581 519 457 395 333 271 209 147 85 23 
3806 3744 3682 3620 3558 3496 3434 3372 3310 3248 3186 3124 3062 3000 2938 2876 2814 2752 2690 2628 2566 2504 2442 2380 2318 2256 2194 2132 2070 2008 1946 1884 1822 1760 1698 1636 1574 1512 1450 1388 1326 1264 1202 1140 1078 1016 954 892 830 768 706 644 582 520 458 396 334 272 210 148 86 24 
3807 3745 3683 3621 3559 3497 3435 3373 3311 3249 3187 3125 3063 3001 2939 2877 2815 2753 2691 2629 2567 2505 2443 2381 2319 2257 2195 2133 2071 2009 1947 1885 1823 1761 1699 1637 1575 1513 1451 1389 1327 1265 1203 1141 1079 1017 955 893 831 769 707 645 583 521 459 397 335 273 211 149 87 25 
3808 3746 3684 3622 3560 3498 3436 3374 3312 3250 3188 3126 3064 3002 2940 2878 2816 2754 2692 2630 2568 2506 2444 2382 2320 2258 2196 2134 2072 2010 1948 1886 1824 1762 1700 1638 1576 1514 1452 1390 1328 1266 1204 1142 1080 1018 956 894 832 770 708 646 584 522 460 398 336 274 212 150 88 26 
3809 3747 3685 3623 3561 3499 3437 3375 3313 3251 3189 3127 3065 3003 2941 2879 2817 2755 2693 2631 2569 2507 2445 2383 2321 2259 2197 2135 2073 2011 1949 1887 1825 1763 1701 1639 1577 1515 1453 1391 1329 1267 1205 1143 1081 1019 957 895 833 771 709 647 585 523 461 399 337 275 213 151 89 27 
3810 3748 3686 3624 3562 3500 3438 3376 3314 3252 3190 3128 3066 3004 2942 2880 2818 2756 2694 2632 2570 2508 2446 2384 2322 2260 2198 2136 2074 2012 1950 1888 1826 1764 1702 1640 1578 1516 1454 1392 1330 1268 1206 1144 1082 1020 958 896 834 772 710 648 586 524 462 400 338 276 214 152 90 28 
3811 3749 3687 3625 3563 3501 3439 3377 3315 3253 3191 3129 3067 3005 2943 2881 2819 2757 2695 2633 2571 2509 2447 2385 2323 2261 2199 2137 2075 2013 1951 1889 1827 1765 1703 1641 1579 1517 1455 1393 1331 1269 1207 1145 1083 1021 959 897 835 773 711 649 587 525 463 401 339 277 215 153 91 29 
3812 3750 3688 3626 3564 3502 3440 3378 3316 3254 3192 3130 3068 3006 2944 2882 2820 2758 2696 2634 2572 2510 2448 2386 2324 2262 2200 2138 2076 2014 1952 1890 1828 1766 1704 1642 1580 1518 1456 1394 1332 1270 1208 1146 1084 1022 960 898 836 774 712 650 588 526 464 402 340 278 216 154 92 30 
3813 3751 3689 3627 3565 3503 3441 3379 3317 3255 3193 3131 3069 3007 2945 2883 2821 2759 2697 2635 2573 2511 2449 2387 2325 2263 2201 2139 2077 2015 1953 1891 1829 1767 1705 1643 1581 1519 1457 1395 1333 1271 1209 1147 1085 1023 961 899 837 775 713 651 589 527 465 403 341 279 217 155 93 31 
3814 3752 3690 3628 3566 3504 3442 3380 3318 3256 3194 3132 3070 3008 2946 2884 2822 2760 2698 2636 2574 2512 2450 2388 2326 2264 2202 2140 2078 2016 1954 1892 1830 1768 1706 1644 1582 1520 1458 1396 1334 1272 1210 1148 1086 1024 962 900 838 776 714 652 590 528 466 404 342 280 218 156 94 32 
3815 3753 3691 3629 3567 3505 3443 3381 3319 3257 3195 3133 3071 3009 2947 2885 2823 2761 2699 2637 2575 2513 2451 2389 2327 2265 2203 2141 2079 2017 1955 1893 1831 1769 1707 1645 1583 1521 1459 1397 1335 1273 1211 1149 1087 1025 963 901 839 777 715 653 591 529 467 405 343 281 219 157 95 33 
3816 3754 3692 3630 3568 3506 3444 3382 3320 3258 3196 3134 3072 3010 2948 2886 2824 2762 2700 2638 2576 2514 2452 2390 2328 2266 2204 2142 2080 2018 1956 1894 1832 1770 1708 1646 1584 1522 1460 1398 1336 1274 1212 1150 1088 1026 964 902 840 778 716 654 592 530 468 406 344 282 220 158 96 34 
3817 3755 3693 3631 3569 3507 3445 3383 3321 3259 3197 3135 3073 3011 2949 2887 2825 2763 2701 2639 2577 2515 2453 2391 2329 2267 2205 2143 2081 2019 1957 1895 1833 1771 1709 1647 1585 1523 1461 1399 1337 1275 1213 1151 1089 1027 965 903 841 779 717 655 593 531 469 407 345 283 221 159 97 35 
3818 3756 3694 3632 3570 3508 3446 3384 3322 3260 3198 3136 3074 3012 2950 2888 2826 2764 2702 2640 2578 2516 2454 2392 2330 2268 2206 2144 2082 2020 1958 1896 1834 1772 1710 1648 1586 1524 1462 1400 1338 1276 1214 1152 1090 1028 966 904 842 780 718 656 594 532 470 408 346 284 222 160 98 36 
3819 3757 3695 3633 3571 3509 3447 3385 3323 3261 3199 3137 3075 3013 2951 2889 2827 2765 2703 2641 2579 2517 2455 2393 2331 2269 2207 2145 2083 2021 1959 1897 1835 1773 1711 1649 1587 1525 1463 1401 1339 1277 1215 1153 1091 1029 967 905 843 781 719 657 595 533 471 409 347 285 223 161 99 37 
3820 3758 3696 3634 3572 3510 3448 3386 3324 3262 3200 3138 3076 3014 2952 2890 2828 2766 2704 2642 2580 2518 2456 2394 2332 2270 2208 2146 2084 2022 1960 1898 1836 1774 1712 1650 1588 1526 1464 1402 1340 1278 1216 1154 1092 1030 968 906 844 782 720 658 596 534 472 410 348 286 224 162 100 38 
3821 3759 3697 3635 3573 3511 3449 3387 3325 3263 3201 3139 3077 3015 2953 2891 2829 2767 2705 2643 2581 2519 2457 2395 2333 2271 2209 2147 2085 2023 1961 1899 1837 1775 1713 1651 1589 1527 1465 1403 1341 1279 1217 1155 1093 1031 969 907 845 783 721 659 597 535 473 411 349 287 225 163 101 39 
3822 3760 3698 3636 3574 3512 3450 3388 3326 3264 3202 3140 3078 3016 2954 2892 2830 2768 2706 2644 2582 2520 2458 2396 2334 2272 2210 2148 2086 2024 1962 1900 1838 1776 1714 1652 1590 1528 1466 1404 1342 1280 1218 1156 1094 1032 970 908 846 784 722 660 598 536 474 412 350 288 226 164 102 40 
3823 3761 3699 3637 3575 3513 3451 3389 3327 3265 3203 3141 3079 3017 2955 2893 2831 2769 2707 2645 2583 2521 2459 2397 2335 2273 2211 2149 2087 2025 1963 1901 1839 1777 1715 1653 1591 1529 1467 1405 1343 1281 1219 1157 1095 1033 971 909 847 785 723 661 599 537 475 413 351 289 227 165 103 41 
3824 3762 3700 3638 3576 3514 3452 3390 3328 3266 3204 3142 3080 3018 2956 2894 2832 2770 2708 2646 2584 2522 2460 2398 2336 2274 2212 2150 2088 2026 1964 1902 1840 1778 1716 1654 1592 1530 1468 1406 1344 1282 1220 1158 1096 1034 972 910 848 786 724 662 600 538 476 414 352 290 228 166 104 42 
3825 3763 3701 3639 3577 3515 3453 3391 3329 3267 3205 3143 3081 3019 2957 2895 2833 2771 2709 2647 2585 2523 2461 2399 2337 2275 2213 2151 2089 2027 1965 1903 1841 1779 1717 1655 1593 1531 1469 1407 1345 1283 1221 1159 1097 1035 973 911 849 787 725 663 601 539 477 415 353 291 229 167 105 43 
3826 3764 3702 3640 3578 3516 3454 3392 3330 3268 3206 3144 3082 3020 2958 2896 2834 2772 2710 2648 2586 2524 2462 2400 2338 2276 2214 2152 2090 2028 1966 1904 1842 1780 1718 1656 1594 1532 1470 1408 1346 1284 1222 1160 1098 1036 974 912 850 788 726 664 602 540 478 416 354 292 230 168 106 44 
3827 3765 3703 3641 3579 3517 3455 3393 3331 3269 3207 3145 3083 3021 2959 2897 2835 2773 2711 2649 2587 2525 2463 2401 2339 2277 2215 2153 2091 2029 1967 1905 1843 1781 1719 1657 1595 1533 1471 1409 1347 1285 1223 1161 1099 1037 975 913 851 789 727 665 603 541 479 417 355 293 231 169 107 45 
3828 3766 3704 3642 3580 3518 3456 3394 3332 3270 3208 3146 3084 3022 2960 2898 2836 2774 2712 2650 2588 2526 2464 2402 2340 2278 2216 2154 2092 2030 1968 1906 1844 1782 1720 1658 1596 1534 1472 1410 1348 1286 1224 1162 1100 1038 976 914 852 790 728 666 604 542 480 418 356 294 232 170 108 46 
3829 3767 3705 3643 3581 3519 3457 3395 3333 3271 3209 3147 3085 3023 2961 2899 2837 2775 2713 2651 2589 2527 2465 2403 2341 2279 2217 2155 2093 2031 1969 1907 1845 1783 1721 1659 1597 1535 1473 1411 1349 1287 1225 1163 1101 1039 977 915 853 791 729 667 605 543 481 419 357 295 233 171 109 47 
3830 3768 3706 3644 3582 3520 3458 3396 3334 3272 3210 3148 3086 3024 2962 2900 2838 2776 2714 2652 2590 2528 2466 2404 2342 2280 2218 2156 2094 2032 1970 1908 1846 1784 1722 1660 1598 1536 1474 1412 1350 1288 1226 1164 1102 1040 978 916 854 792 730 668 606 544 482 420 358 296 234 172 110 48 
3831 3769 3707 3645 3583 3521 3459 3397 3335 3273 3211 3149 3087 3025 2963 2901 2839 2777 2715 2653 2591 2529 2467 2405 2343 2281 2219 2157 2095 2033 1971 1909 1847 1785 1723 1661 1599 1537 1475 1413 1351 1289 1227 1165 1103 1041 979 917 855 793 731 669 607 545 483 421 359 297 235 173 111 49 
3832 3770 3708 3646 3584 3522 3460 3398 3336 3274 3212 3150 3088 3026 2964 2902 2840 2778 2716 2654 2592 2530 2468 2406 2344 2282 2220 2158 2096 2034 1972 1910 1848 1786 1724 1662 1600 1538 1476 1414 1352 1290 1228 1166 1104 1042 980 918 856 794 732 670 608 546 484 422 360 298 236 174 112 50 
3833 3771 3709 3647 3585 3523 3461 3399 3337 3275 3213 3151 3089 3027 2965 2903 2841 2779 2717 2655 2593 2531 2469 2407 2345 2283 2221 2159 2097 2035 1973 1911 1849 1787 1725 1663 1601 1539 1477 1415 1353 1291 1229 1167 1105 1043 981 919 857 795 733 671 609 547 485 423 361 299 237 175 113 51 
3834 3772 3710 3648 3586 3524 3462 3400 3338 3276 3214 3152 3090 3028 2966 2904 2842 2780 2718 2656 2594 2532 2470 2408 2346 2284 2222 2160 2098 2036 1974 1912 1850 1788 1726 1664 1602 1540 1478 1416 1354 1292 1230 1168 1106 1044 982 920 858 796 734 672 610 548 486 424 362 300 238 176 114 52 
3835 3773 3711 3649 3587 3525 3463 3401 3339 3277 3215 3153 3091 3029 2967 2905 2843 2781 2719 2657 2595 2533 2471 2409 2347 2285 2223 2161 2099 2037 1975 1913 1851 1789 1727 1665 1603 1541 1479 1417 1355 1293 1231 1169 1107 1045 983 921 859 797 735 673 611 549 487 425 363 301 239 177 115 53 
3836 3774 3712 3650 3588 3526 3464 3402 3340 3278 3216 3154 3092 3030 2968 2906 2844 2782 2720 2658 2596 2534 2472 2410 2348 2286 2224 2162 2100 2038 1976 1914 1852 1790 1728 1666 1604 1542 1480 1418 1356 1294 1232 1170 1108 1046 984 922 860 798 736 674 612 550 488 426 364 302 240 178 116 54 
3837 3775 3713 3651 3589 3527 3465 3403 3341 3279 3217 3155 3093 3031 2969 2907 2845 2783 2721 2659 2597 2535 2473 2411 2349 2287 2225 2163 2101 2039 1977 1915 1853 1791 1729 1667 1605 1543 1481 1419 1357 1295 1233 1171 1109 1047 985 923 861 799 737 675 613 551 489 427 365 303 241 179 117 55 
3838 3776 3714 3652 3590 3528 3466 3404 3342 3280 3218 3156 3094 3032 2970 2908 2846 2784 2722 2660 2598 2536 2474 2412 2350 2288 2226 2164 2102 2040 1978 1916 1854 1792 1730 1668 1606 1544 1482 1420 1358 1296 1234 1172 1110 1048 986 924 862 800 738 676 614 552 490 428 366 304 242 180 118 56 
3839 3777 3715 3653 3591 3529 3467 3405 3343 3281 3219 3157 3095 3033 2971 2909 2847 2785 2723 2661 2599 2537 2475 2413 2351 2289 2227 2165 2103 2041 1979 1917 1855 1793 1731 1669 1607 1545 1483 1421 1359 1297 1235 1173 1111 1049 987 925 863 801 739 677 615 553 491 429 367 305 243 181 119 57 
3840 3778 3716 3654 3592 3530 3468 3406 3344 3282 3220 3158 3096 3034 2972 2910 2848 2786 2724 2662 2600 2538 2476 2414 2352 2290 2228 2166 2104 2042 1980 1918 1856 1794 1732 1670 1608 1546 1484 1422 1360 1298 1236 1174 1112 1050 988 926 864 802 740 678 616 554 492 430 368 306 244 182 120 58 
3841 3779 3717 3655 3593 3531 3469 3407 3345 3283 3221 3159 3097 3035 2973 2911 2849 2787 2725 2663 2601 2539 2477 2415 2353 2291 2229 2167 2105 2043 1981 1919 1857 1795 1733 1671 1609 1547 1485 1423 1361 1299 1237 1175 1113 1051 989 927 865 803 741 679 617 555 493 431 369 307 245 183 121 59 
3842 3780 3718 3656 3594 3532 3470 3408 3346 3284 3222 3160 3098 3036 2974 2912 2850 2788 2726 2664 2602 2540 2478 2416 2354 2292 2230 2168 2106 2044 1982 1920 1858 1796 1734 1672 1610 1548 1486 1424 1362 1300 1238 1176 1114 1052 990 928 866 804 742 680 618 556 494 432 370 308 246 184 122 60 
3843 3781 3719 3657 3595 3533 3471 3409 3347 3285 3223 3161 3099 3037 2975 2913 2851 2789 2727 2665 2603 2541 2479 2417 2355 2293 2231 2169 2107 2045 1983 1921 1859 1797 1735 1673 1611 1549 1487 1425 1363 1301 1239 1177 1115 1053 991 929 867 805 743 681 619 557 495 433 371 309 247 185 123 61 
3844 3782 3720 3658 3596 3534 3472 3410 3348 3286 3224 3162 3100 3038 2976 2914 2852 2790 2728 2666 2604 2542 2480 2418 2356 2294 2232 2170 2108 2046 1984 1922 1860 1798 1736 1674 1612 1550 1488 1426 1364 1302 1240 1178 1116 1054 992 930 868 806 744 682 620 558 496 434 372 310 248 186 124 62 
