1407 1369 1331 1293 1255 1217 1179 1141 1103 1065 1027 989 951 913 875 837 799 761 723 685 647 609 571 533 495 457 419 381 343 305 267 229 191 153 115 77 39 1 
1408 1370 1332 1294 1256 1218 1180 1142 1104 1066 1028 990 952 914 876 838 800 762 724 686 648 610 572 534 496 458 420 382 344 306 268 230 192 154 116 78 40 2 
1409 1371 1333 1295 1257 1219 1181 1143 1105 1067 1029 991 953 915 877 839 801 763 725 687 649 611 573 535 497 459 421 383 345 307 269 231 193 155 117 79 41 3 
1410 1372 1334 1296 1258 1220 1182 1144 1106 1068 1030 992 954 916 878 840 802 764 726 688 650 612 574 536 498 460 422 384 346 308 270 232 194 156 118 80 42 4 
1411 1373 1335 1297 1259 1221 1183 1145 1107 1069 1031 993 955 917 879 841 803 765 727 689 651 613 575 537 499 461 423 385 347 309 271 233 195 157 119 81 43 5 
1412 1374 1336 1298 1260 1222 1184 1146 1108 1070 1032 994 956 918 880 842 804 766 728 690 652 614 576 538 500 462 424 386 348 310 272 234 196 158 120 82 44 6 
1413 1375 1337 1299 1261 1223 1185 1147 1109 1071 1033 995 957 919 881 843 805 767 729 691 653 615 577 539 501 463 425 387 349 311 273 235 197 159 121 83 45 7 
1414 1376 1338 1300 1262 1224 1186 1148 1110 1072 1034 996 958 920 882 844 806 768 730 692 654 616 578 540 502 464 426 388 350 312 274 236 198 160 122 84 46 8 
1415 1377 1339 1301 1263 1225 1187 1149 1111 1073 1035 997 959 921 883 845 807 769 731 693 655 617 579 541 503 465 427 389 351 313 275 237 199 161 123 85 47 9 
1416 1378 1340 1302 1264 1226 1188 1150 1112 1074 1036 998 960 922 884 846 808 770 732 694 656 618 580 542 504 466 428 390 352 314 276 238 200 162 124 86 48 10 
1417 1379 1341 1303 1265 1227 1189 1151 1113 1075 1037 999 961 923 885 847 809 771 733 695 657 619 581 543 505 467 429 391 353 315 277 239 201 163 125 87 49 11 
1418 1380 1342 1304 1266 1228 1190 1152 1114 1076 1038 1000 962 924 886 848 810 772 734 696 658 620 582 544 506 468 430 392 354 316 278 240 202 164 126 88 50 12 
1419 1381 1343 1305 1267 1229 1191 1153 1115 1077 1039 1001 963 925 887 849 811 773 735 697 659 621 583 545 507 469 431 393 355 317 279 241 203 165 127 89 51 13 
1420 1382 1344 1306 1268 1230 1192 1154 1116 1078 1040 1002 964 926 888 850 812 774 736 698 660 622 584 546 508 470 432 394 356 318 280 242 204 166 128 90 52 14 
1421 1383 1345 1307 1269 1231 1193 1155 1117 1079 1041 1003 965 927 889 851 813 775 737 699 661 623 585 547 509 471 433 395 357 319 281 243 205 167 129 91 53 15 
1422 1384 1346 1308 1270 1232 1194 1156 1118 1080 1042 1004 966 928 890 852 814 776 738 700 662 624 586 548 510 472 434 396 358 320 282 244 206 168 130 92 54 16 
1423 1385 1347 1309 1271 1233 1195 1157 1119 1081 1043 1005 967 929 891 853 815 777 739 701 663 625 587 549 511 473 435 397 359 321 283 245 207 169 131 93 55 17 
1424 1386 1348 1310 1272 1234 1196 1158 1120 1082 1044 1006 968 930 892 854 816 778 740 702 664 626 588 550 512 474 436 398 360 322 284 246 208 170 132 94 56 18 
1425 1387 1349 1311 1273 1235 1197 1159 1121 1083 1045 1007 969 931 893 855 817 779 741 703 665 627 589 551 513 475 437 399 361 323 285 247 209 171 133 95 57 19 
1426 1388 1350 1312 1274 1236 1198 1160 1122 1084 1046 1008 970 932 894 856 818 780 742 704 666 628 590 552 514 476 438 400 362 324 286 248 210 172 134 96 58 20 
1427 1389 1351 1313 1275 1237 1199 1161 1123 1085 1047 1009 971 933 895 857 819 781 743 705 667 629 591 553 515 477 439 401 363 325 287 249 211 173 135 97 59 21 
1428 1390 1352 1314 1276 1238 1200 1162 1124 1086 1048 1010 972 934 896 858 820 782 744 706 668 630 592 554 516 478 440 402 364 326 288 250 212 174 136 98 60 22 
1429 1391 1353 1315 1277 1239 1201 1163 1125 1087 1049 1011 973 935 897 859 821 783 745 707 669 631 593 555 517 479 441 403 365 327 289 251 213 175 137 99 61 23 
1430 1392 1354 1316 1278 1240 1202 1164 1126 1088 1050 1012 974 936 898 860 822 784 746 708 670 632 594 556 518 480 442 404 366 328 290 252 214 176 138 100 62 24 
1431 1393 1355 1317 1279 1241 1203 1165 1127 1089 1051 1013 975 937 899 861 823 785 747 709 671 633 595 557 519 481 443 405 367 329 291 253 215 177 139 101 63 25 
1432 1394 1356 1318 1280 1242 1204 1166 1128 1090 1052 1014 976 938 900 862 824 786 748 710 672 634 596 558 520 482 444 406 368 330 292 254 216 178 140 102 64 26 
1433 1395 1357 1319 1281 1243 1205 1167 1129 1091 1053 1015 977 939 901 863 825 787 749 711 673 635 597 559 521 483 445 407 369 331 293 255 217 179 141 103 65 27 
1434 1396 1358 1320 1282 1244 1206 1168 1130 1092 1054 1016 978 940 902 864 826 788 750 712 674 636 598 560 522 484 446 408 370 332 294 256 218 180 142 104 66 28 
1435 1397 1359 1321 1283 1245 1207 1169 1131 1093 1055 1017 979 941 903 865 827 789 751 713 675 637 599 561 523 485 447 409 371 333 295 257 219 181 143 105 67 29 
1436 1398 1360 1322 1284 1246 1208 1170 1132 1094 1056 1018 980 942 904 866 828 790 752 714 676 638 600 562 524 486 448 410 372 334 296 258 220 182 144 106 68 30 
1437 1399 1361 1323 1285 1247 1209 1171 1133 1095 1057 1019 981 943 905 867 829 791 753 715 677 639 601 563 525 487 449 411 373 335 297 259 221 183 145 107 69 31 
1438 1400 1362 1324 1286 1248 1210 1172 1134 1096 1058 1020 982 944 906 868 830 792 754 716 678 640 602 564 526 488 450 412 374 336 298 260 222 184 146 108 70 32 
1439 1401 1363 1325 1287 1249 1211 1173 1135 1097 1059 1021 983 945 907 869 831 793 755 717 679 641 603 565 527 489 451 413 375 337 299 261 223 185 147 109 71 33 
1440 1402 1364 1326 1288 1250 1212 1174 1136 1098 1060 1022 984 946 908 870 832 794 756 718 680 642 604 566 528 490 452 414 376 338 300 262 224 186 148 110 72 34 
1441 1403 1365 1327 1289 1251 1213 1175 1137 1099 1061 1023 985 947 909 871 833 795 757 719 681 643 605 567 529 491 453 415 377 339 301 263 225 187 149 111 73 35 
1442 1404 1366 1328 1290 1252 1214 1176 1138 1100 1062 1024 986 948 910 872 834 796 758 720 682 644 606 568 530 492 454 416 378 340 302 264 226 188 150 112 74 36 
1443 1405 1367 1329 1291 1253 1215 1177 1139 1101 1063 1025 987 949 911 873 835 797 759 721 683 645 607 569 531 493 455 417 379 341 303 265 227 189 151 113 75 37 
1444 1406 1368 1330 1292 1254 1216 1178 1140 1102 1064 1026 988 950 912 874 836 798 760 722 684 646 608 570 532 494 456 418 380 342 304 266 228 190 152 114 76 38 
