2551 2500 2449 2398 2347 2296 2245 2194 2143 2092 2041 1990 1939 1888 1837 1786 1735 1684 1633 1582 1531 1480 1429 1378 1327 1276 1225 1174 1123 1072 1021 970 919 868 817 766 715 664 613 562 511 460 409 358 307 256 205 154 103 52 1 
2552 2501 2450 2399 2348 2297 2246 2195 2144 2093 2042 1991 1940 1889 1838 1787 1736 1685 1634 1583 1532 1481 1430 1379 1328 1277 1226 1175 1124 1073 1022 971 920 869 818 767 716 665 614 563 512 461 410 359 308 257 206 155 104 53 2 
2553 2502 2451 2400 2349 2298 2247 2196 2145 2094 2043 1992 1941 1890 1839 1788 1737 1686 1635 1584 1533 1482 1431 1380 1329 1278 1227 1176 1125 1074 1023 972 921 870 819 768 717 666 615 564 513 462 411 360 309 258 207 156 105 54 3 
2554 2503 2452 2401 2350 2299 2248 2197 2146 2095 2044 1993 1942 1891 1840 1789 1738 1687 1636 1585 1534 1483 1432 1381 1330 1279 1228 1177 1126 1075 1024 973 922 871 820 769 718 667 616 565 514 463 412 361 310 259 208 157 106 55 4 
2555 2504 2453 2402 2351 2300 2249 2198 2147 2096 2045 1994 1943 1892 1841 1790 1739 1688 1637 1586 1535 1484 1433 1382 1331 1280 1229 1178 1127 1076 1025 974 923 872 821 770 719 668 617 566 515 464 413 362 311 260 209 158 107 56 5 
2556 2505 2454 2403 2352 2301 2250 2199 2148 2097 2046 1995 1944 1893 1842 1791 1740 1689 1638 1587 1536 1485 1434 1383 1332 1281 1230 1179 1128 1077 1026 975 924 873 822 771 720 669 618 567 516 465 414 363 312 261 210 159 108 57 6 
2557 2506 2455 2404 2353 2302 2251 2200 2149 2098 2047 1996 1945 1894 1843 1792 1741 1690 1639 1588 1537 1486 1435 1384 1333 1282 1231 1180 1129 1078 1027 976 925 874 823 772 721 670 619 568 517 466 415 364 313 262 211 160 109 58 7 
2558 2507 2456 2405 2354 2303 2252 2201 2150 2099 2048 1997 1946 1895 1844 1793 1742 1691 1640 1589 1538 1487 1436 1385 1334 1283 1232 1181 1130 1079 1028 977 926 875 824 773 722 671 620 569 518 467 416 365 314 263 212 161 110 59 8 
2559 2508 2457 2406 2355 2304 2253 2202 2151 2100 2049 1998 1947 1896 1845 1794 1743 1692 1641 1590 1539 1488 1437 1386 1335 1284 1233 1182 1131 1080 1029 978 927 876 825 774 723 672 621 570 519 468 417 366 315 264 213 162 111 60 9 
2560 2509 2458 2407 2356 2305 2254 2203 2152 2101 2050 1999 1948 1897 1846 1795 1744 1693 1642 1591 1540 1489 1438 1387 1336 1285 1234 1183 1132 1081 1030 979 928 877 826 775 724 673 622 571 520 469 418 367 316 265 214 163 112 61 10 
2561 2510 2459 2408 2357 2306 2255 2204 2153 2102 2051 2000 1949 1898 1847 1796 1745 1694 1643 1592 1541 1490 1439 1388 1337 1286 1235 1184 1133 1082 1031 980 929 878 827 776 725 674 623 572 521 470 419 368 317 266 215 164 113 62 11 
2562 2511 2460 2409 2358 2307 2256 2205 2154 2103 2052 2001 1950 1899 1848 1797 1746 1695 1644 1593 1542 1491 1440 1389 1338 1287 1236 1185 1134 1083 1032 981 930 879 828 777 726 675 624 573 522 471 420 369 318 267 216 165 114 63 12 
2563 2512 2461 2410 2359 2308 2257 2206 2155 2104 2053 2002 1951 1900 1849 1798 1747 1696 1645 1594 1543 1492 1441 1390 1339 1288 1237 1186 1135 1084 1033 982 931 880 829 778 727 676 625 574 523 472 421 370 319 268 217 166 115 64 13 
2564 2513 2462 2411 2360 2309 2258 2207 2156 2105 2054 2003 1952 1901 1850 1799 1748 1697 1646 1595 1544 1493 1442 1391 1340 1289 1238 1187 1136 1085 1034 983 932 881 830 779 728 677 626 575 524 473 422 371 320 269 218 167 116 65 14 
2565 2514 2463 2412 2361 2310 2259 2208 2157 2106 2055 2004 1953 1902 1851 1800 1749 1698 1647 1596 1545 1494 1443 1392 1341 1290 1239 1188 1137 1086 1035 984 933 882 831 780 729 678 627 576 525 474 423 372 321 270 219 168 117 66 15 
2566 2515 2464 2413 2362 2311 2260 2209 2158 2107 2056 2005 1954 1903 1852 1801 1750 1699 1648 1597 1546 1495 1444 1393 1342 1291 1240 1189 1138 1087 1036 985 934 883 832 781 730 679 628 577 526 475 424 373 322 271 220 169 118 67 16 
2567 2516 2465 2414 2363 2312 2261 2210 2159 2108 2057 2006 1955 1904 1853 1802 1751 1700 1649 1598 1547 1496 1445 1394 1343 1292 1241 1190 1139 1088 1037 986 935 884 833 782 731 680 629 578 527 476 425 374 323 272 221 170 119 68 17 
2568 2517 2466 2415 2364 2313 2262 2211 2160 2109 2058 2007 1956 1905 1854 1803 1752 1701 1650 1599 1548 1497 1446 1395 1344 1293 1242 1191 1140 1089 1038 987 936 885 834 783 732 681 630 579 528 477 426 375 324 273 222 171 120 69 18 
2569 2518 2467 2416 2365 2314 2263 2212 2161 2110 2059 2008 1957 1906 1855 1804 1753 1702 1651 1600 1549 1498 1447 1396 1345 1294 1243 1192 1141 1090 1039 988 937 886 835 784 733 682 631 580 529 478 427 376 325 274 223 172 121 70 19 
2570 2519 2468 2417 2366 2315 2264 2213 2162 2111 2060 2009 1958 1907 1856 1805 1754 1703 1652 1601 1550 1499 1448 1397 1346 1295 1244 1193 1142 1091 1040 989 938 887 836 785 734 683 632 581 530 479 428 377 326 275 224 173 122 71 20 
2571 2520 2469 2418 2367 2316 2265 2214 2163 2112 2061 2010 1959 1908 1857 1806 1755 1704 1653 1602 1551 1500 1449 1398 1347 1296 1245 1194 1143 1092 1041 990 939 888 837 786 735 684 633 582 531 480 429 378 327 276 225 174 123 72 21 
2572 2521 2470 2419 2368 2317 2266 2215 2164 2113 2062 2011 1960 1909 1858 1807 1756 1705 1654 1603 1552 1501 1450 1399 1348 1297 1246 1195 1144 1093 1042 991 940 889 838 787 736 685 634 583 532 481 430 379 328 277 226 175 124 73 22 
2573 2522 2471 2420 2369 2318 2267 2216 2165 2114 2063 2012 1961 1910 1859 1808 1757 1706 1655 1604 1553 1502 1451 1400 1349 1298 1247 1196 1145 1094 1043 992 941 890 839 788 737 686 635 584 533 482 431 380 329 278 227 176 125 74 23 
2574 2523 2472 2421 2370 2319 2268 2217 2166 2115 2064 2013 1962 1911 1860 1809 1758 1707 1656 1605 1554 1503 1452 1401 1350 1299 1248 1197 1146 1095 1044 993 942 891 840 789 738 687 636 585 534 483 432 381 330 279 228 177 126 75 24 
2575 2524 2473 2422 2371 2320 2269 2218 2167 2116 2065 2014 1963 1912 1861 1810 1759 1708 1657 1606 1555 1504 1453 1402 1351 1300 1249 1198 1147 1096 1045 994 943 892 841 790 739 688 637 586 535 484 433 382 331 280 229 178 127 76 25 
2576 2525 2474 2423 2372 2321 2270 2219 2168 2117 2066 2015 1964 1913 1862 1811 1760 1709 1658 1607 1556 1505 1454 1403 1352 1301 1250 1199 1148 1097 1046 995 944 893 842 791 740 689 638 587 536 485 434 383 332 281 230 179 128 77 26 
2577 2526 2475 2424 2373 2322 2271 2220 2169 2118 2067 2016 1965 1914 1863 1812 1761 1710 1659 1608 1557 1506 1455 1404 1353 1302 1251 1200 1149 1098 1047 996 945 894 843 792 741 690 639 588 537 486 435 384 333 282 231 180 129 78 27 
2578 2527 2476 2425 2374 2323 2272 2221 2170 2119 2068 2017 1966 1915 1864 1813 1762 1711 1660 1609 1558 1507 1456 1405 1354 1303 1252 1201 1150 1099 1048 997 946 895 844 793 742 691 640 589 538 487 436 385 334 283 232 181 130 79 28 
2579 2528 2477 2426 2375 2324 2273 2222 2171 2120 2069 2018 1967 1916 1865 1814 1763 1712 1661 1610 1559 1508 1457 1406 1355 1304 1253 1202 1151 1100 1049 998 947 896 845 794 743 692 641 590 539 488 437 386 335 284 233 182 131 80 29 
2580 2529 2478 2427 2376 2325 2274 2223 2172 2121 2070 2019 1968 1917 1866 1815 1764 1713 1662 1611 1560 1509 1458 1407 1356 1305 1254 1203 1152 1101 1050 999 948 897 846 795 744 693 642 591 540 489 438 387 336 285 234 183 132 81 30 
2581 2530 2479 2428 2377 2326 2275 2224 2173 2122 2071 2020 1969 1918 1867 1816 1765 1714 1663 1612 1561 1510 1459 1408 1357 1306 1255 1204 1153 1102 1051 1000 949 898 847 796 745 694 643 592 541 490 439 388 337 286 235 184 133 82 31 
2582 2531 2480 2429 2378 2327 2276 2225 2174 2123 2072 2021 1970 1919 1868 1817 1766 1715 1664 1613 1562 1511 1460 1409 1358 1307 1256 1205 1154 1103 1052 1001 950 899 848 797 746 695 644 593 542 491 440 389 338 287 236 185 134 83 32 
2583 2532 2481 2430 2379 2328 2277 2226 2175 2124 2073 2022 1971 1920 1869 1818 1767 1716 1665 1614 1563 1512 1461 1410 1359 1308 1257 1206 1155 1104 1053 1002 951 900 849 798 747 696 645 594 543 492 441 390 339 288 237 186 135 84 33 
2584 2533 2482 2431 2380 2329 2278 2227 2176 2125 2074 2023 1972 1921 1870 1819 1768 1717 1666 1615 1564 1513 1462 1411 1360 1309 1258 1207 1156 1105 1054 1003 952 901 850 799 748 697 646 595 544 493 442 391 340 289 238 187 136 85 34 
2585 2534 2483 2432 2381 2330 2279 2228 2177 2126 2075 2024 1973 1922 1871 1820 1769 1718 1667 1616 1565 1514 1463 1412 1361 1310 1259 1208 1157 1106 1055 1004 953 902 851 800 749 698 647 596 545 494 443 392 341 290 239 188 137 86 35 
2586 2535 2484 2433 2382 2331 2280 2229 2178 2127 2076 2025 1974 1923 1872 1821 1770 1719 1668 1617 1566 1515 1464 1413 1362 1311 1260 1209 1158 1107 1056 1005 954 903 852 801 750 699 648 597 546 495 444 393 342 291 240 189 138 87 36 
2587 2536 2485 2434 2383 2332 2281 2230 2179 2128 2077 2026 1975 1924 1873 1822 1771 1720 1669 1618 1567 1516 1465 1414 1363 1312 1261 1210 1159 1108 1057 1006 955 904 853 802 751 700 649 598 547 496 445 394 343 292 241 190 139 88 37 
2588 2537 2486 2435 2384 2333 2282 2231 2180 2129 2078 2027 1976 1925 1874 1823 1772 1721 1670 1619 1568 1517 1466 1415 1364 1313 1262 1211 1160 1109 1058 1007 956 905 854 803 752 701 650 599 548 497 446 395 344 293 242 191 140 89 38 
2589 2538 2487 2436 2385 2334 2283 2232 2181 2130 2079 2028 1977 1926 1875 1824 1773 1722 1671 1620 1569 1518 1467 1416 1365 1314 1263 1212 1161 1110 1059 1008 957 906 855 804 753 702 651 600 549 498 447 396 345 294 243 192 141 90 39 
2590 2539 2488 2437 2386 2335 2284 2233 2182 2131 2080 2029 1978 1927 1876 1825 1774 1723 1672 1621 1570 1519 1468 1417 1366 1315 1264 1213 1162 1111 1060 1009 958 907 856 805 754 703 652 601 550 499 448 397 346 295 244 193 142 91 40 
2591 2540 2489 2438 2387 2336 2285 2234 2183 2132 2081 2030 1979 1928 1877 1826 1775 1724 1673 1622 1571 1520 1469 1418 1367 1316 1265 1214 1163 1112 1061 1010 959 908 857 806 755 704 653 602 551 500 449 398 347 296 245 194 143 92 41 
2592 2541 2490 2439 2388 2337 2286 2235 2184 2133 2082 2031 1980 1929 1878 1827 1776 1725 1674 1623 1572 1521 1470 1419 1368 1317 1266 1215 1164 1113 1062 1011 960 909 858 807 756 705 654 603 552 501 450 399 348 297 246 195 144 93 42 
2593 2542 2491 2440 2389 2338 2287 2236 2185 2134 2083 2032 1981 1930 1879 1828 1777 1726 1675 1624 1573 1522 1471 1420 1369 1318 1267 1216 1165 1114 1063 1012 961 910 859 808 757 706 655 604 553 502 451 400 349 298 247 196 145 94 43 
2594 2543 2492 2441 2390 2339 2288 2237 2186 2135 2084 2033 1982 1931 1880 1829 1778 1727 1676 1625 1574 1523 1472 1421 1370 1319 1268 1217 1166 1115 1064 1013 962 911 860 809 758 707 656 605 554 503 452 401 350 299 248 197 146 95 44 
2595 2544 2493 2442 2391 2340 2289 2238 2187 2136 2085 2034 1983 1932 1881 1830 1779 1728 1677 1626 1575 1524 1473 1422 1371 1320 1269 1218 1167 1116 1065 1014 963 912 861 810 759 708 657 606 555 504 453 402 351 300 249 198 147 96 45 
2596 2545 2494 2443 2392 2341 2290 2239 2188 2137 2086 2035 1984 1933 1882 1831 1780 1729 1678 1627 1576 1525 1474 1423 1372 1321 1270 1219 1168 1117 1066 1015 964 913 862 811 760 709 658 607 556 505 454 403 352 301 250 199 148 97 46 
2597 2546 2495 2444 2393 2342 2291 2240 2189 2138 2087 2036 1985 1934 1883 1832 1781 1730 1679 1628 1577 1526 1475 1424 1373 1322 1271 1220 1169 1118 1067 1016 965 914 863 812 761 710 659 608 557 506 455 404 353 302 251 200 149 98 47 
2598 2547 2496 2445 2394 2343 2292 2241 2190 2139 2088 2037 1986 1935 1884 1833 1782 1731 1680 1629 1578 1527 1476 1425 1374 1323 1272 1221 1170 1119 1068 1017 966 915 864 813 762 711 660 609 558 507 456 405 354 303 252 201 150 99 48 
2599 2548 2497 2446 2395 2344 2293 2242 2191 2140 2089 2038 1987 1936 1885 1834 1783 1732 1681 1630 1579 1528 1477 1426 1375 1324 1273 1222 1171 1120 1069 1018 967 916 865 814 763 712 661 610 559 508 457 406 355 304 253 202 151 100 49 
2600 2549 2498 2447 2396 2345 2294 2243 2192 2141 2090 2039 1988 1937 1886 1835 1784 1733 1682 1631 1580 1529 1478 1427 1376 1325 1274 1223 1172 1121 1070 1019 968 917 866 815 764 713 662 611 560 509 458 407 356 305 254 203 152 101 50 
2601 2550 2499 2448 2397 2346 2295 2244 2193 2142 2091 2040 1989 1938 1887 1836 1785 1734 1683 1632 1581 1530 1479 1428 1377 1326 1275 1224 1173 1122 1071 1020 969 918 867 816 765 714 663 612 561 510 459 408 357 306 255 204 153 102 51 
