3661 3600 3539 3478 3417 3356 3295 3234 3173 3112 3051 2990 2929 2868 2807 2746 2685 2624 2563 2502 2441 2380 2319 2258 2197 2136 2075 2014 1953 1892 1831 1770 1709 1648 1587 1526 1465 1404 1343 1282 1221 1160 1099 1038 977 916 855 794 733 672 611 550 489 428 367 306 245 184 123 62 1 
3662 3601 3540 3479 3418 3357 3296 3235 3174 3113 3052 2991 2930 2869 2808 2747 2686 2625 2564 2503 2442 2381 2320 2259 2198 2137 2076 2015 1954 1893 1832 1771 1710 1649 1588 1527 1466 1405 1344 1283 1222 1161 1100 1039 978 917 856 795 734 673 612 551 490 429 368 307 246 185 124 63 2 
3663 3602 3541 3480 3419 3358 3297 3236 3175 3114 3053 2992 2931 2870 2809 2748 2687 2626 2565 2504 2443 2382 2321 2260 2199 2138 2077 2016 1955 1894 1833 1772 1711 1650 1589 1528 1467 1406 1345 1284 1223 1162 1101 1040 979 918 857 796 735 674 613 552 491 430 369 308 247 186 125 64 3 
3664 3603 3542 3481 3420 3359 3298 3237 3176 3115 3054 2993 2932 2871 2810 2749 2688 2627 2566 2505 2444 2383 2322 2261 2200 2139 2078 2017 1956 1895 1834 1773 1712 1651 1590 1529 1468 1407 1346 1285 1224 1163 1102 1041 980 919 858 797 736 675 614 553 492 431 370 309 248 187 126 65 4 
3665 3604 3543 3482 3421 3360 3299 3238 3177 3116 3055 2994 2933 2872 2811 2750 2689 2628 2567 2506 2445 2384 2323 2262 2201 2140 2079 2018 1957 1896 1835 1774 1713 1652 1591 1530 1469 1408 1347 1286 1225 1164 1103 1042 981 920 859 798 737 676 615 554 493 432 371 310 249 188 127 66 5 
3666 3605 3544 3483 3422 3361 3300 3239 3178 3117 3056 2995 2934 2873 2812 2751 2690 2629 2568 2507 2446 2385 2324 2263 2202 2141 2080 2019 1958 1897 1836 1775 1714 1653 1592 1531 1470 1409 1348 1287 1226 1165 1104 1043 982 921 860 799 738 677 616 555 494 433 372 311 250 189 128 67 6 
3667 3606 3545 3484 3423 3362 3301 3240 3179 3118 3057 2996 2935 2874 2813 2752 2691 2630 2569 2508 2447 2386 2325 2264 2203 2142 2081 2020 1959 1898 1837 1776 1715 1654 1593 1532 1471 1410 1349 1288 1227 1166 1105 1044 983 922 861 800 739 678 617 556 495 434 373 312 251 190 129 68 7 
3668 3607 3546 3485 3424 3363 3302 3241 3180 3119 3058 2997 2936 2875 2814 2753 2692 2631 2570 2509 2448 2387 2326 2265 2204 2143 2082 2021 1960 1899 1838 1777 1716 1655 1594 1533 1472 1411 1350 1289 1228 1167 1106 1045 984 923 862 801 740 679 618 557 496 435 374 313 252 191 130 69 8 
3669 3608 3547 3486 3425 3364 3303 3242 3181 3120 3059 2998 2937 2876 2815 2754 2693 2632 2571 2510 2449 2388 2327 2266 2205 2144 2083 2022 1961 1900 1839 1778 1717 1656 1595 1534 1473 1412 1351 1290 1229 1168 1107 1046 985 924 863 802 741 680 619 558 497 436 375 314 253 192 131 70 9 
3670 3609 3548 3487 3426 3365 3304 3243 3182 3121 3060 2999 2938 2877 2816 2755 2694 2633 2572 2511 2450 2389 2328 2267 2206 2145 2084 2023 1962 1901 1840 1779 1718 1657 1596 1535 1474 1413 1352 1291 1230 1169 1108 1047 986 925 864 803 742 681 620 559 498 437 376 315 254 193 132 71 10 
3671 3610 3549 3488 3427 3366 3305 3244 3183 3122 3061 3000 2939 2878 2817 2756 2695 2634 2573 2512 2451 2390 2329 2268 2207 2146 2085 2024 1963 1902 1841 1780 1719 1658 1597 1536 1475 1414 1353 1292 1231 1170 1109 1048 987 926 865 804 743 682 621 560 499 438 377 316 255 194 133 72 11 
3672 3611 3550 3489 3428 3367 3306 3245 3184 3123 3062 3001 2940 2879 2818 2757 2696 2635 2574 2513 2452 2391 2330 2269 2208 2147 2086 2025 1964 1903 1842 1781 1720 1659 1598 1537 1476 1415 1354 1293 1232 1171 1110 1049 988 927 866 805 744 683 622 561 500 439 378 317 256 195 134 73 12 
3673 3612 3551 3490 3429 3368 3307 3246 3185 3124 3063 3002 2941 2880 2819 2758 2697 2636 2575 2514 2453 2392 2331 2270 2209 2148 2087 2026 1965 1904 1843 1782 1721 1660 1599 1538 1477 1416 1355 1294 1233 1172 1111 1050 989 928 867 806 745 684 623 562 501 440 379 318 257 196 135 74 13 
3674 3613 3552 3491 3430 3369 3308 3247 3186 3125 3064 3003 2942 2881 2820 2759 2698 2637 2576 2515 2454 2393 2332 2271 2210 2149 2088 2027 1966 1905 1844 1783 1722 1661 1600 1539 1478 1417 1356 1295 1234 1173 1112 1051 990 929 868 807 746 685 624 563 502 441 380 319 258 197 136 75 14 
3675 3614 3553 3492 3431 3370 3309 3248 3187 3126 3065 3004 2943 2882 2821 2760 2699 2638 2577 2516 2455 2394 2333 2272 2211 2150 2089 2028 1967 1906 1845 1784 1723 1662 1601 1540 1479 1418 1357 1296 1235 1174 1113 1052 991 930 869 808 747 686 625 564 503 442 381 320 259 198 137 76 15 
3676 3615 3554 3493 3432 3371 3310 3249 3188 3127 3066 3005 2944 2883 2822 2761 2700 2639 2578 2517 2456 2395 2334 2273 2212 2151 2090 2029 1968 1907 1846 1785 1724 1663 1602 1541 1480 1419 1358 1297 1236 1175 1114 1053 992 931 870 809 748 687 626 565 504 443 382 321 260 199 138 77 16 
3677 3616 3555 3494 3433 3372 3311 3250 3189 3128 3067 3006 2945 2884 2823 2762 2701 2640 2579 2518 2457 2396 2335 2274 2213 2152 2091 2030 1969 1908 1847 1786 1725 1664 1603 1542 1481 1420 1359 1298 1237 1176 1115 1054 993 932 871 810 749 688 627 566 505 444 383 322 261 200 139 78 17 
3678 3617 3556 3495 3434 3373 3312 3251 3190 3129 3068 3007 2946 2885 2824 2763 2702 2641 2580 2519 2458 2397 2336 2275 2214 2153 2092 2031 1970 1909 1848 1787 1726 1665 1604 1543 1482 1421 1360 1299 1238 1177 1116 1055 994 933 872 811 750 689 628 567 506 445 384 323 262 201 140 79 18 
3679 3618 3557 3496 3435 3374 3313 3252 3191 3130 3069 3008 2947 2886 2825 2764 2703 2642 2581 2520 2459 2398 2337 2276 2215 2154 2093 2032 1971 1910 1849 1788 1727 1666 1605 1544 1483 1422 1361 1300 1239 1178 1117 1056 995 934 873 812 751 690 629 568 507 446 385 324 263 202 141 80 19 
3680 3619 3558 3497 3436 3375 3314 3253 3192 3131 3070 3009 2948 2887 2826 2765 2704 2643 2582 2521 2460 2399 2338 2277 2216 2155 2094 2033 1972 1911 1850 1789 1728 1667 1606 1545 1484 1423 1362 1301 1240 1179 1118 1057 996 935 874 813 752 691 630 569 508 447 386 325 264 203 142 81 20 
3681 3620 3559 3498 3437 3376 3315 3254 3193 3132 3071 3010 2949 2888 2827 2766 2705 2644 2583 2522 2461 2400 2339 2278 2217 2156 2095 2034 1973 1912 1851 1790 1729 1668 1607 1546 1485 1424 1363 1302 1241 1180 1119 1058 997 936 875 814 753 692 631 570 509 448 387 326 265 204 143 82 21 
3682 3621 3560 3499 3438 3377 3316 3255 3194 3133 3072 3011 2950 2889 2828 2767 2706 2645 2584 2523 2462 2401 2340 2279 2218 2157 2096 2035 1974 1913 1852 1791 1730 1669 1608 1547 1486 1425 1364 1303 1242 1181 1120 1059 998 937 876 815 754 693 632 571 510 449 388 327 266 205 144 83 22 
3683 3622 3561 3500 3439 3378 3317 3256 3195 3134 3073 3012 2951 2890 2829 2768 2707 2646 2585 2524 2463 2402 2341 2280 2219 2158 2097 2036 1975 1914 1853 1792 1731 1670 1609 1548 1487 1426 1365 1304 1243 1182 1121 1060 999 938 877 816 755 694 633 572 511 450 389 328 267 206 145 84 23 
3684 3623 3562 3501 3440 3379 3318 3257 3196 3135 3074 3013 2952 2891 2830 2769 2708 2647 2586 2525 2464 2403 2342 2281 2220 2159 2098 2037 1976 1915 1854 1793 1732 1671 1610 1549 1488 1427 1366 1305 1244 1183 1122 1061 1000 939 878 817 756 695 634 573 512 451 390 329 268 207 146 85 24 
3685 3624 3563 3502 3441 3380 3319 3258 3197 3136 3075 3014 2953 2892 2831 2770 2709 2648 2587 2526 2465 2404 2343 2282 2221 2160 2099 2038 1977 1916 1855 1794 1733 1672 1611 1550 1489 1428 1367 1306 1245 1184 1123 1062 1001 940 879 818 757 696 635 574 513 452 391 330 269 208 147 86 25 
3686 3625 3564 3503 3442 3381 3320 3259 3198 3137 3076 3015 2954 2893 2832 2771 2710 2649 2588 2527 2466 2405 2344 2283 2222 2161 2100 2039 1978 1917 1856 1795 1734 1673 1612 1551 1490 1429 1368 1307 1246 1185 1124 1063 1002 941 880 819 758 697 636 575 514 453 392 331 270 209 148 87 26 
3687 3626 3565 3504 3443 3382 3321 3260 3199 3138 3077 3016 2955 2894 2833 2772 2711 2650 2589 2528 2467 2406 2345 2284 2223 2162 2101 2040 1979 1918 1857 1796 1735 1674 1613 1552 1491 1430 1369 1308 1247 1186 1125 1064 1003 942 881 820 759 698 637 576 515 454 393 332 271 210 149 88 27 
3688 3627 3566 3505 3444 3383 3322 3261 3200 3139 3078 3017 2956 2895 2834 2773 2712 2651 2590 2529 2468 2407 2346 2285 2224 2163 2102 2041 1980 1919 1858 1797 1736 1675 1614 1553 1492 1431 1370 1309 1248 1187 1126 1065 1004 943 882 821 760 699 638 577 516 455 394 333 272 211 150 89 28 
3689 3628 3567 3506 3445 3384 3323 3262 3201 3140 3079 3018 2957 2896 2835 2774 2713 2652 2591 2530 2469 2408 2347 2286 2225 2164 2103 2042 1981 1920 1859 1798 1737 1676 1615 1554 1493 1432 1371 1310 1249 1188 1127 1066 1005 944 883 822 761 700 639 578 517 456 395 334 273 212 151 90 29 
3690 3629 3568 3507 3446 3385 3324 3263 3202 3141 3080 3019 2958 2897 2836 2775 2714 2653 2592 2531 2470 2409 2348 2287 2226 2165 2104 2043 1982 1921 1860 1799 1738 1677 1616 1555 1494 1433 1372 1311 1250 1189 1128 1067 1006 945 884 823 762 701 640 579 518 457 396 335 274 213 152 91 30 
3691 3630 3569 3508 3447 3386 3325 3264 3203 3142 3081 3020 2959 2898 2837 2776 2715 2654 2593 2532 2471 2410 2349 2288 2227 2166 2105 2044 1983 1922 1861 1800 1739 1678 1617 1556 1495 1434 1373 1312 1251 1190 1129 1068 1007 946 885 824 763 702 641 580 519 458 397 336 275 214 153 92 31 
3692 3631 3570 3509 3448 3387 3326 3265 3204 3143 3082 3021 2960 2899 2838 2777 2716 2655 2594 2533 2472 2411 2350 2289 2228 2167 2106 2045 1984 1923 1862 1801 1740 1679 1618 1557 1496 1435 1374 1313 1252 1191 1130 1069 1008 947 886 825 764 703 642 581 520 459 398 337 276 215 154 93 32 
3693 3632 3571 3510 3449 3388 3327 3266 3205 3144 3083 3022 2961 2900 2839 2778 2717 2656 2595 2534 2473 2412 2351 2290 2229 2168 2107 2046 1985 1924 1863 1802 1741 1680 1619 1558 1497 1436 1375 1314 1253 1192 1131 1070 1009 948 887 826 765 704 643 582 521 460 399 338 277 216 155 94 33 
3694 3633 3572 3511 3450 3389 3328 3267 3206 3145 3084 3023 2962 2901 2840 2779 2718 2657 2596 2535 2474 2413 2352 2291 2230 2169 2108 2047 1986 1925 1864 1803 1742 1681 1620 1559 1498 1437 1376 1315 1254 1193 1132 1071 1010 949 888 827 766 705 644 583 522 461 400 339 278 217 156 95 34 
3695 3634 3573 3512 3451 3390 3329 3268 3207 3146 3085 3024 2963 2902 2841 2780 2719 2658 2597 2536 2475 2414 2353 2292 2231 2170 2109 2048 1987 1926 1865 1804 1743 1682 1621 1560 1499 1438 1377 1316 1255 1194 1133 1072 1011 950 889 828 767 706 645 584 523 462 401 340 279 218 157 96 35 
3696 3635 3574 3513 3452 3391 3330 3269 3208 3147 3086 3025 2964 2903 2842 2781 2720 2659 2598 2537 2476 2415 2354 2293 2232 2171 2110 2049 1988 1927 1866 1805 1744 1683 1622 1561 1500 1439 1378 1317 1256 1195 1134 1073 1012 951 890 829 768 707 646 585 524 463 402 341 280 219 158 97 36 
3697 3636 3575 3514 3453 3392 3331 3270 3209 3148 3087 3026 2965 2904 2843 2782 2721 2660 2599 2538 2477 2416 2355 2294 2233 2172 2111 2050 1989 1928 1867 1806 1745 1684 1623 1562 1501 1440 1379 1318 1257 1196 1135 1074 1013 952 891 830 769 708 647 586 525 464 403 342 281 220 159 98 37 
3698 3637 3576 3515 3454 3393 3332 3271 3210 3149 3088 3027 2966 2905 2844 2783 2722 2661 2600 2539 2478 2417 2356 2295 2234 2173 2112 2051 1990 1929 1868 1807 1746 1685 1624 1563 1502 1441 1380 1319 1258 1197 1136 1075 1014 953 892 831 770 709 648 587 526 465 404 343 282 221 160 99 38 
3699 3638 3577 3516 3455 3394 3333 3272 3211 3150 3089 3028 2967 2906 2845 2784 2723 2662 2601 2540 2479 2418 2357 2296 2235 2174 2113 2052 1991 1930 1869 1808 1747 1686 1625 1564 1503 1442 1381 1320 1259 1198 1137 1076 1015 954 893 832 771 710 649 588 527 466 405 344 283 222 161 100 39 
3700 3639 3578 3517 3456 3395 3334 3273 3212 3151 3090 3029 2968 2907 2846 2785 2724 2663 2602 2541 2480 2419 2358 2297 2236 2175 2114 2053 1992 1931 1870 1809 1748 1687 1626 1565 1504 1443 1382 1321 1260 1199 1138 1077 1016 955 894 833 772 711 650 589 528 467 406 345 284 223 162 101 40 
3701 3640 3579 3518 3457 3396 3335 3274 3213 3152 3091 3030 2969 2908 2847 2786 2725 2664 2603 2542 2481 2420 2359 2298 2237 2176 2115 2054 1993 1932 1871 1810 1749 1688 1627 1566 1505 1444 1383 1322 1261 1200 1139 1078 1017 956 895 834 773 712 651 590 529 468 407 346 285 224 163 102 41 
3702 3641 3580 3519 3458 3397 3336 3275 3214 3153 3092 3031 2970 2909 2848 2787 2726 2665 2604 2543 2482 2421 2360 2299 2238 2177 2116 2055 1994 1933 1872 1811 1750 1689 1628 1567 1506 1445 1384 1323 1262 1201 1140 1079 1018 957 896 835 774 713 652 591 530 469 408 347 286 225 164 103 42 
3703 3642 3581 3520 3459 3398 3337 3276 3215 3154 3093 3032 2971 2910 2849 2788 2727 2666 2605 2544 2483 2422 2361 2300 2239 2178 2117 2056 1995 1934 1873 1812 1751 1690 1629 1568 1507 1446 1385 1324 1263 1202 1141 1080 1019 958 897 836 775 714 653 592 531 470 409 348 287 226 165 104 43 
3704 3643 3582 3521 3460 3399 3338 3277 3216 3155 3094 3033 2972 2911 2850 2789 2728 2667 2606 2545 2484 2423 2362 2301 2240 2179 2118 2057 1996 1935 1874 1813 1752 1691 1630 1569 1508 1447 1386 1325 1264 1203 1142 1081 1020 959 898 837 776 715 654 593 532 471 410 349 288 227 166 105 44 
3705 3644 3583 3522 3461 3400 3339 3278 3217 3156 3095 3034 2973 2912 2851 2790 2729 2668 2607 2546 2485 2424 2363 2302 2241 2180 2119 2058 1997 1936 1875 1814 1753 1692 1631 1570 1509 1448 1387 1326 1265 1204 1143 1082 1021 960 899 838 777 716 655 594 533 472 411 350 289 228 167 106 45 
3706 3645 3584 3523 3462 3401 3340 3279 3218 3157 3096 3035 2974 2913 2852 2791 2730 2669 2608 2547 2486 2425 2364 2303 2242 2181 2120 2059 1998 1937 1876 1815 1754 1693 1632 1571 1510 1449 1388 1327 1266 1205 1144 1083 1022 961 900 839 778 717 656 595 534 473 412 351 290 229 168 107 46 
3707 3646 3585 3524 3463 3402 3341 3280 3219 3158 3097 3036 2975 2914 2853 2792 2731 2670 2609 2548 2487 2426 2365 2304 2243 2182 2121 2060 1999 1938 1877 1816 1755 1694 1633 1572 1511 1450 1389 1328 1267 1206 1145 1084 1023 962 901 840 779 718 657 596 535 474 413 352 291 230 169 108 47 
3708 3647 3586 3525 3464 3403 3342 3281 3220 3159 3098 3037 2976 2915 2854 2793 2732 2671 2610 2549 2488 2427 2366 2305 2244 2183 2122 2061 2000 1939 1878 1817 1756 1695 1634 1573 1512 1451 1390 1329 1268 1207 1146 1085 1024 963 902 841 780 719 658 597 536 475 414 353 292 231 170 109 48 
3709 3648 3587 3526 3465 3404 3343 3282 3221 3160 3099 3038 2977 2916 2855 2794 2733 2672 2611 2550 2489 2428 2367 2306 2245 2184 2123 2062 2001 1940 1879 1818 1757 1696 1635 1574 1513 1452 1391 1330 1269 1208 1147 1086 1025 964 903 842 781 720 659 598 537 476 415 354 293 232 171 110 49 
3710 3649 3588 3527 3466 3405 3344 3283 3222 3161 3100 3039 2978 2917 2856 2795 2734 2673 2612 2551 2490 2429 2368 2307 2246 2185 2124 2063 2002 1941 1880 1819 1758 1697 1636 1575 1514 1453 1392 1331 1270 1209 1148 1087 1026 965 904 843 782 721 660 599 538 477 416 355 294 233 172 111 50 
3711 3650 3589 3528 3467 3406 3345 3284 3223 3162 3101 3040 2979 2918 2857 2796 2735 2674 2613 2552 2491 2430 2369 2308 2247 2186 2125 2064 2003 1942 1881 1820 1759 1698 1637 1576 1515 1454 1393 1332 1271 1210 1149 1088 1027 966 905 844 783 722 661 600 539 478 417 356 295 234 173 112 51 
3712 3651 3590 3529 3468 3407 3346 3285 3224 3163 3102 3041 2980 2919 2858 2797 2736 2675 2614 2553 2492 2431 2370 2309 2248 2187 2126 2065 2004 1943 1882 1821 1760 1699 1638 1577 1516 1455 1394 1333 1272 1211 1150 1089 1028 967 906 845 784 723 662 601 540 479 418 357 296 235 174 113 52 
3713 3652 3591 3530 3469 3408 3347 3286 3225 3164 3103 3042 2981 2920 2859 2798 2737 2676 2615 2554 2493 2432 2371 2310 2249 2188 2127 2066 2005 1944 1883 1822 1761 1700 1639 1578 1517 1456 1395 1334 1273 1212 1151 1090 1029 968 907 846 785 724 663 602 541 480 419 358 297 236 175 114 53 
3714 3653 3592 3531 3470 3409 3348 3287 3226 3165 3104 3043 2982 2921 2860 2799 2738 2677 2616 2555 2494 2433 2372 2311 2250 2189 2128 2067 2006 1945 1884 1823 1762 1701 1640 1579 1518 1457 1396 1335 1274 1213 1152 1091 1030 969 908 847 786 725 664 603 542 481 420 359 298 237 176 115 54 
3715 3654 3593 3532 3471 3410 3349 3288 3227 3166 3105 3044 2983 2922 2861 2800 2739 2678 2617 2556 2495 2434 2373 2312 2251 2190 2129 2068 2007 1946 1885 1824 1763 1702 1641 1580 1519 1458 1397 1336 1275 1214 1153 1092 1031 970 909 848 787 726 665 604 543 482 421 360 299 238 177 116 55 
3716 3655 3594 3533 3472 3411 3350 3289 3228 3167 3106 3045 2984 2923 2862 2801 2740 2679 2618 2557 2496 2435 2374 2313 2252 2191 2130 2069 2008 1947 1886 1825 1764 1703 1642 1581 1520 1459 1398 1337 1276 1215 1154 1093 1032 971 910 849 788 727 666 605 544 483 422 361 300 239 178 117 56 
3717 3656 3595 3534 3473 3412 3351 3290 3229 3168 3107 3046 2985 2924 2863 2802 2741 2680 2619 2558 2497 2436 2375 2314 2253 2192 2131 2070 2009 1948 1887 1826 1765 1704 1643 1582 1521 1460 1399 1338 1277 1216 1155 1094 1033 972 911 850 789 728 667 606 545 484 423 362 301 240 179 118 57 
3718 3657 3596 3535 3474 3413 3352 3291 3230 3169 3108 3047 2986 2925 2864 2803 2742 2681 2620 2559 2498 2437 2376 2315 2254 2193 2132 2071 2010 1949 1888 1827 1766 1705 1644 1583 1522 1461 1400 1339 1278 1217 1156 1095 1034 973 912 851 790 729 668 607 546 485 424 363 302 241 180 119 58 
3719 3658 3597 3536 3475 3414 3353 3292 3231 3170 3109 3048 2987 2926 2865 2804 2743 2682 2621 2560 2499 2438 2377 2316 2255 2194 2133 2072 2011 1950 1889 1828 1767 1706 1645 1584 1523 1462 1401 1340 1279 1218 1157 1096 1035 974 913 852 791 730 669 608 547 486 425 364 303 242 181 120 59 
3720 3659 3598 3537 3476 3415 3354 3293 3232 3171 3110 3049 2988 2927 2866 2805 2744 2683 2622 2561 2500 2439 2378 2317 2256 2195 2134 2073 2012 1951 1890 1829 1768 1707 1646 1585 1524 1463 1402 1341 1280 1219 1158 1097 1036 975 914 853 792 731 670 609 548 487 426 365 304 243 182 121 60 
3721 3660 3599 3538 3477 3416 3355 3294 3233 3172 3111 3050 2989 2928 2867 2806 2745 2684 2623 2562 2501 2440 2379 2318 2257 2196 2135 2074 2013 1952 1891 1830 1769 1708 1647 1586 1525 1464 1403 1342 1281 1220 1159 1098 1037 976 915 854 793 732 671 610 549 488 427 366 305 244 183 122 61 
